<?xml version="1.0" encoding="windows-1252" standalone="no"?>
<!DOCTYPE log SYSTEM "logger.dtd">
<log>
<record>
  <date>2020-03-17T10:08:07.689328800Z</date>
  <millis>1584439687689</millis>
  <nanos>328800</nanos>
  <sequence>0</sequence>
  <logger>seedu.duke.Duke</logger>
  <level>WARNING</level>
  <class>seedu.duke.Duke</class>
  <method>run</method>
  <thread>1</thread>
  <message>DukeException at main()</message>
</record>
<record>
  <date>2020-03-17T10:12:18.830564900Z</date>
  <millis>1584439938830</millis>
  <nanos>564900</nanos>
  <sequence>1</sequence>
  <logger>seedu.duke.Duke</logger>
  <level>WARNING</level>
  <class>seedu.duke.Duke</class>
  <method>run</method>
  <thread>1</thread>
  <message>DukeException at main()</message>
</record>
<?xml version="1.0" encoding="windows-1252" standalone="no"?>
<!DOCTYPE log SYSTEM "logger.dtd">
<log>
<record>
  <date>2020-03-17T11:58:33.783367300Z</date>
  <millis>1584446313783</millis>
  <nanos>367300</nanos>
  <sequence>0</sequence>
  <logger>seedu.duke.Duke</logger>
  <level>WARNING</level>
  <class>seedu.duke.Duke</class>
  <method>run</method>
  <thread>1</thread>
  <message>DukeException at main()</message>
</record>
<record>
  <date>2020-03-17T11:58:37.773081200Z</date>
  <millis>1584446317773</millis>
  <nanos>81200</nanos>
  <sequence>1</sequence>
  <logger>seedu.duke.Duke</logger>
  <level>WARNING</level>
  <class>seedu.duke.Duke</class>
  <method>run</method>
  <thread>1</thread>
  <message>DukeException at main()</message>
</record>
<?xml version="1.0" encoding="windows-1252" standalone="no"?>
<!DOCTYPE log SYSTEM "logger.dtd">
<log>
</log>
<?xml version="1.0" encoding="windows-1252" standalone="no"?>
<!DOCTYPE log SYSTEM "logger.dtd">
<log>
<record>
  <date>2020-03-18T03:34:30.975087500Z</date>
  <millis>1584502470975</millis>
  <nanos>87500</nanos>
  <sequence>0</sequence>
  <logger>seedu.duke.Duke</logger>
  <level>WARNING</level>
  <class>seedu.duke.Duke</class>
  <method>run</method>
  <thread>1</thread>
  <message>DukeException at main()</message>
</record>
<?xml version="1.0" encoding="windows-1252" standalone="no"?>
<!DOCTYPE log SYSTEM "logger.dtd">
<log>
<record>
  <date>2020-03-18T09:57:53.598243300Z</date>
  <millis>1584525473598</millis>
  <nanos>243300</nanos>
  <sequence>0</sequence>
  <logger>seedu.duke.Duke</logger>
  <level>WARNING</level>
  <class>seedu.duke.Duke</class>
  <method>run</method>
  <thread>1</thread>
  <message>DukeException at main()</message>
</record>
<?xml version="1.0" encoding="windows-1252" standalone="no"?>
<!DOCTYPE log SYSTEM "logger.dtd">
<log>
<record>
  <date>2020-03-18T14:21:48.536793100Z</date>
  <millis>1584541308536</millis>
  <nanos>793100</nanos>
  <sequence>0</sequence>
  <logger>seedu.duke.Duke</logger>
  <level>WARNING</level>
  <class>seedu.duke.Duke</class>
  <method>run</method>
  <thread>1</thread>
  <message>DukeException at main()</message>
</record>
<record>
  <date>2020-03-18T14:22:42.580225300Z</date>
  <millis>1584541362580</millis>
  <nanos>225300</nanos>
  <sequence>1</sequence>
  <logger>seedu.duke.Duke</logger>
  <level>WARNING</level>
  <class>seedu.duke.Duke</class>
  <method>run</method>
  <thread>1</thread>
  <message>DukeException at main()</message>
</record>
