<?xml version="1.0" encoding="windows-1252" standalone="no"?>
<!DOCTYPE log SYSTEM "logger.dtd">
<log>
<record>
  <date>2020-03-18T03:29:12.072676200Z</date>
  <millis>1584502152072</millis>
  <nanos>676200</nanos>
  <sequence>0</sequence>
  <logger>seedu.command.AttendanceCommandInterpreter</logger>
  <level>INFO</level>
  <class>seedu.command.AttendanceCommandInterpreter</class>
  <method>decideCommand</method>
  <thread>1</thread>
  <message>My First Log</message>
</record>
<record>
  <date>2020-03-18T03:29:12.076674Z</date>
  <millis>1584502152076</millis>
  <nanos>674000</nanos>
  <sequence>1</sequence>
  <logger>seedu.command.AttendanceCommandInterpreter</logger>
  <level>FINE</level>
  <class>seedu.command.AttendanceCommandInterpreter</class>
  <method>decideCommand</method>
  <thread>1</thread>
  <message>My Second Log</message>
</record>
